<?xml version="1.0" encoding="UTF-8"?>
<!-- Generated by org.testng.reporters.JUnitReportReporter -->
<testsuite hostname="LAPTOP-AI3QPM7S" failures="0" tests="5" name="testCases.SearchLocation" time="49.676" errors="0" timestamp="2024-09-10T19:59:46 WIB" skipped="0">
  <testcase classname="testCases.SearchLocation" name="searchLocation" time="9.717"/>
  <testcase classname="testCases.SearchLocation" name="searchLocation" time="10.070"/>
  <testcase classname="testCases.SearchLocation" name="searchLocation" time="10.529"/>
  <testcase classname="testCases.SearchLocation" name="searchLocation" time="9.603"/>
  <testcase classname="testCases.SearchLocation" name="dragLocation" time="9.757"/>
</testsuite> <!-- testCases.SearchLocation -->
