<?xml version="1.0" encoding="UTF-8"?>
<!-- Generated by org.testng.reporters.JUnitReportReporter -->
<testsuite hostname="LAPTOP-AI3QPM7S" failures="0" tests="2" name="testCases.ZoomInOut" time="17.949" errors="0" timestamp="2024-09-10T19:59:46 WIB" skipped="0">
  <testcase classname="testCases.ZoomInOut" name="zoomOut" time="9.046"/>
  <testcase classname="testCases.ZoomInOut" name="zoomIn" time="8.903"/>
</testsuite> <!-- testCases.ZoomInOut -->
