<?xml version="1.0" encoding="UTF-8"?>
<!-- Generated by org.testng.reporters.JUnitReportReporter -->
<testsuite hostname="LAPTOP-AI3QPM7S" failures="0" tests="6" name="testCases.SearchLocationByInput" time="54.717" errors="0" timestamp="2024-09-10T16:06:24 WIB" skipped="0">
  <testcase classname="testCases.SearchLocationByInput" name="getMyLocation" time="6.121"/>
  <testcase classname="testCases.SearchLocationByInput" name="searchLocation" time="9.214"/>
  <testcase classname="testCases.SearchLocationByInput" name="searchLocation" time="9.120"/>
  <testcase classname="testCases.SearchLocationByInput" name="searchLocation" time="9.188"/>
  <testcase classname="testCases.SearchLocationByInput" name="dragLocation" time="11.381"/>
  <testcase classname="testCases.SearchLocationByInput" name="searchLocation" time="9.693"/>
</testsuite> <!-- testCases.SearchLocationByInput -->
