<?xml version="1.0" encoding="UTF-8"?>
<!-- Generated by org.testng.reporters.JUnitReportReporter -->
<testsuite hostname="LAPTOP-AI3QPM7S" failures="0" tests="5" name="testCases.SearchLocation" time="48.159" errors="0" timestamp="2024-09-11T07:03:33 WIB" skipped="0">
  <testcase classname="testCases.SearchLocation" name="searchLocation" time="9.760"/>
  <testcase classname="testCases.SearchLocation" name="dragLocation" time="10.172"/>
  <testcase classname="testCases.SearchLocation" name="searchLocation" time="9.562"/>
  <testcase classname="testCases.SearchLocation" name="searchLocation" time="9.378"/>
  <testcase classname="testCases.SearchLocation" name="searchLocation" time="9.287"/>
</testsuite> <!-- testCases.SearchLocation -->
