<?xml version="1.0" encoding="UTF-8"?>
<!-- Generated by org.testng.reporters.JUnitReportReporter -->
<testsuite hostname="LAPTOP-AI3QPM7S" failures="0" tests="1" name="testCases.MeasureDistance" time="11.414" errors="0" timestamp="2024-09-11T07:03:33 WIB" skipped="0">
  <testcase classname="testCases.MeasureDistance" name="drawLine" time="11.414"/>
</testsuite> <!-- testCases.MeasureDistance -->
