<?xml version="1.0" encoding="UTF-8"?>
<!-- Generated by org.testng.reporters.JUnitReportReporter -->
<testsuite hostname="LAPTOP-AI3QPM7S" failures="0" tests="1" name="testCases.MeasureDistance" time="9.682" errors="0" timestamp="2024-09-10T19:59:46 WIB" skipped="0">
  <testcase classname="testCases.MeasureDistance" name="drawLine" time="9.682"/>
</testsuite> <!-- testCases.MeasureDistance -->
