<?xml version="1.0" encoding="UTF-8"?>
<!-- Generated by org.testng.reporters.JUnitReportReporter -->
<testsuite hostname="LAPTOP-AI3QPM7S" failures="0" tests="2" name="testCases.ZoomInOut" time="21.027" errors="0" timestamp="2024-09-11T07:25:11 WIB" skipped="0">
  <testcase classname="testCases.ZoomInOut" name="zoomIn" time="9.917"/>
  <testcase classname="testCases.ZoomInOut" name="zoomOut" time="11.110"/>
</testsuite> <!-- testCases.ZoomInOut -->
