<?xml version="1.0" encoding="UTF-8"?>
<!-- Generated by org.testng.reporters.JUnitReportReporter -->
<testsuite hostname="LAPTOP-AI3QPM7S" failures="0" tests="1" name="testCases.FindPublicFacility" time="6.860" errors="0" timestamp="2024-09-11T07:25:11 WIB" skipped="0">
  <testcase classname="testCases.FindPublicFacility" name="findMedicalLocation" time="6.860"/>
</testsuite> <!-- testCases.FindPublicFacility -->
